[03:42:29] [Server thread/INFO]: Starting minecraft server version 1.7.10
[03:42:29] [Server console handler/ERROR]: Exception handling console input
java.io.IOException: ハンドルが無効です。
	at java.io.FileInputStream.readBytes(Native Method) ~[?:1.8.0_261]
	at java.io.FileInputStream.read(Unknown Source) ~[?:1.8.0_261]
	at java.io.BufferedInputStream.read1(Unknown Source) ~[?:1.8.0_261]
	at java.io.BufferedInputStream.read(Unknown Source) ~[?:1.8.0_261]
	at sun.nio.cs.StreamDecoder.readBytes(Unknown Source) ~[?:1.8.0_261]
	at sun.nio.cs.StreamDecoder.implRead(Unknown Source) ~[?:1.8.0_261]
	at sun.nio.cs.StreamDecoder.read(Unknown Source) ~[?:1.8.0_261]
	at java.io.InputStreamReader.read(Unknown Source) ~[?:1.8.0_261]
	at java.io.BufferedReader.fill(Unknown Source) ~[?:1.8.0_261]
	at java.io.BufferedReader.readLine(Unknown Source) ~[?:1.8.0_261]
	at java.io.BufferedReader.readLine(Unknown Source) ~[?:1.8.0_261]
	at net.minecraft.server.dedicated.DedicatedServer$2.run(DedicatedServer.java:97) [lv.class:?]
[03:42:32] [Server thread/INFO]: Loading properties
[03:42:32] [Server thread/INFO]: Default game type: SURVIVAL
[03:42:32] [Server thread/INFO]: Generating keypair
[03:42:32] [Server thread/INFO]: Starting Minecraft server on *:25565
[03:42:32] [Server thread/WARN]: Failed to load user banlist: 
java.io.FileNotFoundException: banned-players.json (指定されたファイルが見つかりません。)
	at java.io.FileInputStream.open0(Native Method) ~[?:1.8.0_261]
	at java.io.FileInputStream.open(Unknown Source) ~[?:1.8.0_261]
	at java.io.FileInputStream.<init>(Unknown Source) ~[?:1.8.0_261]
	at com.google.common.io.Files.newReader(Files.java:86) ~[guava-17.0.jar:?]
	at net.minecraft.server.management.UserList.func_152679_g(SourceFile:124) ~[om.class:?]
	at net.minecraft.server.dedicated.DedicatedPlayerList.func_152620_y(SourceFile:99) [ls.class:?]
	at net.minecraft.server.dedicated.DedicatedPlayerList.<init>(SourceFile:25) [ls.class:?]
	at net.minecraft.server.dedicated.DedicatedServer.func_71197_b(DedicatedServer.java:211) [lt.class:?]
	at net.minecraft.server.MinecraftServer.run(MinecraftServer.java:387) [MinecraftServer.class:?]
	at net.minecraft.server.MinecraftServer$2.run(MinecraftServer.java:685) [li.class:?]
[03:42:32] [Server thread/WARN]: Failed to load ip banlist: 
java.io.FileNotFoundException: banned-ips.json (指定されたファイルが見つかりません。)
	at java.io.FileInputStream.open0(Native Method) ~[?:1.8.0_261]
	at java.io.FileInputStream.open(Unknown Source) ~[?:1.8.0_261]
	at java.io.FileInputStream.<init>(Unknown Source) ~[?:1.8.0_261]
	at com.google.common.io.Files.newReader(Files.java:86) ~[guava-17.0.jar:?]
	at net.minecraft.server.management.UserList.func_152679_g(SourceFile:124) ~[om.class:?]
	at net.minecraft.server.dedicated.DedicatedPlayerList.func_152619_x(SourceFile:91) [ls.class:?]
	at net.minecraft.server.dedicated.DedicatedPlayerList.<init>(SourceFile:27) [ls.class:?]
	at net.minecraft.server.dedicated.DedicatedServer.func_71197_b(DedicatedServer.java:211) [lt.class:?]
	at net.minecraft.server.MinecraftServer.run(MinecraftServer.java:387) [MinecraftServer.class:?]
	at net.minecraft.server.MinecraftServer$2.run(MinecraftServer.java:685) [li.class:?]
[03:42:32] [Server thread/WARN]: Failed to load operators list: 
java.io.FileNotFoundException: ops.json (指定されたファイルが見つかりません。)
	at java.io.FileInputStream.open0(Native Method) ~[?:1.8.0_261]
	at java.io.FileInputStream.open(Unknown Source) ~[?:1.8.0_261]
	at java.io.FileInputStream.<init>(Unknown Source) ~[?:1.8.0_261]
	at com.google.common.io.Files.newReader(Files.java:86) ~[guava-17.0.jar:?]
	at net.minecraft.server.management.UserList.func_152679_g(SourceFile:124) ~[om.class:?]
	at net.minecraft.server.dedicated.DedicatedPlayerList.func_72417_t(SourceFile:107) [ls.class:?]
	at net.minecraft.server.dedicated.DedicatedPlayerList.<init>(SourceFile:29) [ls.class:?]
	at net.minecraft.server.dedicated.DedicatedServer.func_71197_b(DedicatedServer.java:211) [lt.class:?]
	at net.minecraft.server.MinecraftServer.run(MinecraftServer.java:387) [MinecraftServer.class:?]
	at net.minecraft.server.MinecraftServer$2.run(MinecraftServer.java:685) [li.class:?]
[03:42:32] [Server thread/WARN]: Failed to load white-list: 
java.io.FileNotFoundException: whitelist.json (指定されたファイルが見つかりません。)
	at java.io.FileInputStream.open0(Native Method) ~[?:1.8.0_261]
	at java.io.FileInputStream.open(Unknown Source) ~[?:1.8.0_261]
	at java.io.FileInputStream.<init>(Unknown Source) ~[?:1.8.0_261]
	at com.google.common.io.Files.newReader(Files.java:86) ~[guava-17.0.jar:?]
	at net.minecraft.server.management.UserList.func_152679_g(SourceFile:124) ~[om.class:?]
	at net.minecraft.server.dedicated.DedicatedPlayerList.func_72418_v(SourceFile:123) [ls.class:?]
	at net.minecraft.server.dedicated.DedicatedPlayerList.<init>(SourceFile:30) [ls.class:?]
	at net.minecraft.server.dedicated.DedicatedServer.func_71197_b(DedicatedServer.java:211) [lt.class:?]
	at net.minecraft.server.MinecraftServer.run(MinecraftServer.java:387) [MinecraftServer.class:?]
	at net.minecraft.server.MinecraftServer$2.run(MinecraftServer.java:685) [li.class:?]
[03:42:32] [Server thread/INFO]: Preparing level "world"
[03:42:42] [Server thread/INFO]: Preparing start region for level 0
[03:42:43] [Server thread/INFO]: Preparing spawn area: 6%
[03:42:44] [Server thread/INFO]: Preparing spawn area: 14%
[03:42:46] [Server thread/INFO]: Preparing spawn area: 20%
[03:42:47] [Server thread/INFO]: Preparing spawn area: 29%
[03:42:48] [Server thread/INFO]: Preparing spawn area: 32%
[03:42:49] [Server thread/INFO]: Preparing spawn area: 39%
[03:42:50] [Server thread/INFO]: Preparing spawn area: 45%
[03:42:51] [Server thread/INFO]: Preparing spawn area: 51%
[03:42:52] [Server thread/INFO]: Preparing spawn area: 57%
[03:42:53] [Server thread/INFO]: Preparing spawn area: 61%
[03:42:54] [Server thread/INFO]: Preparing spawn area: 66%
[03:42:55] [Server thread/INFO]: Preparing spawn area: 75%
[03:42:57] [Server thread/INFO]: Preparing spawn area: 81%
[03:42:58] [Server thread/INFO]: Preparing spawn area: 84%
[03:43:00] [Server thread/INFO]: Preparing spawn area: 86%
[03:43:01] [Server thread/INFO]: Preparing spawn area: 95%
[03:43:01] [Server thread/INFO]: Done (28.717s)! For help, type "help" or "?"
[03:43:50] [Server thread/WARN]: Can't keep up! Did the system time change, or is the server overloaded? Running 2861ms behind, skipping 57 tick(s)
[03:43:52] [User Authenticator #1/INFO]: UUID of player stakas_ is be601d09-79b9-46df-859f-44f62ae98b8f
[03:43:53] [Server thread/INFO]: stakas_[/127.0.0.1:57144] logged in with entity id 1370 at (14720.5, 163.0, -13830.5)
[03:43:53] [Server thread/INFO]: stakas_ joined the game
[03:44:01] [Server thread/INFO]: stakas_ lost connection: TextComponent{text='Disconnected', siblings=[], style=Style{hasParent=false, color=null, bold=null, italic=null, underlined=null, obfuscated=null, clickEvent=null, hoverEvent=null}}
[03:44:01] [Server thread/INFO]: stakas_ left the game
[03:44:16] [Server thread/INFO]: Stopping server
[03:44:16] [Server thread/INFO]: Saving players
[03:44:16] [Server thread/INFO]: Saving worlds
[03:44:16] [Server thread/INFO]: Saving chunks for level 'world'/DEFAULT
[03:44:16] [Server thread/INFO]: Saving chunks for level 'world'/Nether
